#
# A fatal error has been detected by the Java Runtime Environment:
#
#  SIGSEGV (0xb) at pc=0x00007ff81cdfae2f, pid=11255, tid=69891
#
# JRE version: Java(TM) SE Runtime Environment 18.9 (11.0.21+9) (build 11.0.21+9-LTS-193)
# Java VM: Java HotSpot(TM) 64-Bit Server VM 18.9 (11.0.21+9-LTS-193, mixed mode, tiered, compressed oops, g1 gc, bsd-amd64)
# Problematic frame:
# C  [libobjc.A.dylib+0x9e2f]  objc_release+0x1f
#
# No core dump will be written. Core dumps have been disabled. To enable core dumping, try "ulimit -c unlimited" before starting Java again
#
# If you would like to submit a bug report, please visit:
#   https://bugreport.java.com/bugreport/crash.jsp
# The crash happened outside the Java Virtual Machine in native code.
# See problematic frame for where to report the bug.
#

---------------  S U M M A R Y ------------

Command Line: -Dfile.encoding=UTF-8 -Duser.country=JP -Duser.language=ja -Duser.variant com.frappagames.gdx2048.desktop.DesktopLauncher

Host: Macmini7,1 x86_64 2600 MHz, 4 cores, 8G, Darwin 21.6.0
Time: Sun Mar  1 20:16:54 2026 JST elapsed time: 21.052025 seconds (0d 0h 0m 21s)

---------------  T H R E A D  ---------------

Current thread (0x00007fa7c796c000):  JavaThread "LWJGL Application" [_thread_in_native, id=69891, stack(0x0000700003d77000,0x0000700003e77000)]

Stack: [0x0000700003d77000,0x0000700003e77000],  sp=0x0000700003e76428,  free space=1021k
Native frames: (J=compiled Java code, j=interpreted, Vv=VM code, C=native code)
C  [libobjc.A.dylib+0x9e2f]  objc_release+0x1f
C  [libobjc.A.dylib+0xad6f]  objc_autoreleasePoolPop+0xa8
C  [CoreFoundation+0x41ada]  _CFAutoreleasePoolPop+0x16
C  [Foundation+0x1e991]  -[NSAutoreleasePool release]+0x85
C  [liblwjgl.dylib+0x16cce]  Java_org_lwjgl_opengl_MacOSXContextImplementation_setView+0x10e
j  org.lwjgl.opengl.MacOSXContextImplementation.setView(Ljava/nio/ByteBuffer;Ljava/nio/ByteBuffer;)V+0
j  org.lwjgl.opengl.MacOSXContextImplementation.makeCurrent(Lorg/lwjgl/opengl/PeerInfo;Ljava/nio/ByteBuffer;)V+7
j  org.lwjgl.opengl.ContextGL.makeCurrent()V+46
j  org.lwjgl.opengl.DrawableGL.makeCurrent()V+14
j  org.lwjgl.opengl.Display.makeCurrent()V+3
j  org.lwjgl.opengl.Display.makeCurrentAndSetSwapInterval()V+0
j  org.lwjgl.opengl.Display.create(Lorg/lwjgl/opengl/PixelFormat;Lorg/lwjgl/opengl/Drawable;Lorg/lwjgl/opengl/ContextAttribs;)V+108
j  org.lwjgl.opengl.Display.create(Lorg/lwjgl/opengl/PixelFormat;)V+12
j  com.badlogic.gdx.backends.lwjgl.LwjglGraphics.createDisplayPixelFormat(ZII)V+243
j  com.badlogic.gdx.backends.lwjgl.LwjglGraphics.setupDisplay()V+592
j  com.badlogic.gdx.backends.lwjgl.LwjglApplication.mainLoop()V+9
j  com.badlogic.gdx.backends.lwjgl.LwjglApplication$1.run()V+27
v  ~StubRoutines::call_stub
V  [libjvm.dylib+0x394215]  _ZN9JavaCalls11call_helperEP9JavaValueRK12methodHandleP17JavaCallArgumentsP6Thread+0x207
V  [libjvm.dylib+0x39365a]  _ZN9JavaCalls12call_virtualEP9JavaValueP5KlassP6SymbolS5_P17JavaCallArgumentsP6Thread+0xea
V  [libjvm.dylib+0x39371a]  _ZN9JavaCalls12call_virtualEP9JavaValue6HandleP5KlassP6SymbolS6_P6Thread+0x62
V  [libjvm.dylib+0x41cc0e]  _ZL12thread_entryP10JavaThreadP6Thread+0x78
V  [libjvm.dylib+0x73ebf4]  _ZN10JavaThread17thread_main_innerEv+0x82
V  [libjvm.dylib+0x73ea4e]  _ZN10JavaThread3runEv+0x126
V  [libjvm.dylib+0x73c914]  _ZN6Thread8call_runEv+0x68
V  [libjvm.dylib+0x6421ff]  _ZL19thread_native_entryP6Thread+0x122
C  [libsystem_pthread.dylib+0x64e1]  _pthread_start+0x7d
C  [libsystem_pthread.dylib+0x1f6b]  thread_start+0xf

Java frames: (J=compiled Java code, j=interpreted, Vv=VM code)
j  org.lwjgl.opengl.MacOSXContextImplementation.setView(Ljava/nio/ByteBuffer;Ljava/nio/ByteBuffer;)V+0
j  org.lwjgl.opengl.MacOSXContextImplementation.makeCurrent(Lorg/lwjgl/opengl/PeerInfo;Ljava/nio/ByteBuffer;)V+7
j  org.lwjgl.opengl.ContextGL.makeCurrent()V+46
j  org.lwjgl.opengl.DrawableGL.makeCurrent()V+14
j  org.lwjgl.opengl.Display.makeCurrent()V+3
j  org.lwjgl.opengl.Display.makeCurrentAndSetSwapInterval()V+0
j  org.lwjgl.opengl.Display.create(Lorg/lwjgl/opengl/PixelFormat;Lorg/lwjgl/opengl/Drawable;Lorg/lwjgl/opengl/ContextAttribs;)V+108
j  org.lwjgl.opengl.Display.create(Lorg/lwjgl/opengl/PixelFormat;)V+12
j  com.badlogic.gdx.backends.lwjgl.LwjglGraphics.createDisplayPixelFormat(ZII)V+243
j  com.badlogic.gdx.backends.lwjgl.LwjglGraphics.setupDisplay()V+592
j  com.badlogic.gdx.backends.lwjgl.LwjglApplication.mainLoop()V+9
j  com.badlogic.gdx.backends.lwjgl.LwjglApplication$1.run()V+27
v  ~StubRoutines::call_stub

siginfo: si_signo: 11 (SIGSEGV), si_code: 1 (SEGV_MAPERR), si_addr: 0x000059c1ef869160

Register to memory mapping:

RAX=0x0000d9c1ef869140 is an unknown value
RBX=0x0000000000000001 is an unknown value
RCX=0x000059c1ef869140 is an unknown value
RDX=0x0 is NULL
RSP=0x0000700003e76428 is pointing into the stack for thread: 0x00007fa7c796c000
RBP=0x0000700003e76460 is pointing into the stack for thread: 0x00007fa7c796c000
RSI=0x00007ff8373cc1cf: <offset 0x1a5db1cf> in /usr/lib/libobjc.A.dylib at 0x00007ff81cdf1000
RDI=0x0000600001009140 points into unknown readable memory: 0x0000d9c1ef869140 | 40 91 86 ef c1 d9 00 00
R8 =0x00007fa7c6a218c8 points into unknown readable memory: 0x0000000000000000 | 00 00 00 00 00 00 00 00
R9 =0x0 is NULL
R10=0x0000600002c59200 points into unknown readable memory: 0x0000600002c59290 | 90 92 c5 02 00 60 00 00
R11=0x00007ff81fa356a4: -[NSResponder release]+0 in /System/Library/Frameworks/AppKit.framework/Versions/C/AppKit at 0x00007ff81fa2a000
R12=0x0000600001009140 points into unknown readable memory: 0x0000d9c1ef869140 | 40 91 86 ef c1 d9 00 00
R13=0xa3a3a3a3a3a3a3a3 is an unknown value
R14=0x00007fa7c7974068 points into unknown readable memory: 0x0000000000000000 | 00 00 00 00 00 00 00 00
R15=0x00007fa7c7974000 points into unknown readable memory: 0x4f545541a1a1a1a1 | a1 a1 a1 a1 41 55 54 4f


Registers:
RAX=0x0000d9c1ef869140, RBX=0x0000000000000001, RCX=0x000059c1ef869140, RDX=0x0000000000000000
RSP=0x0000700003e76428, RBP=0x0000700003e76460, RSI=0x00007ff8373cc1cf, RDI=0x0000600001009140
R8 =0x00007fa7c6a218c8, R9 =0x0000000000000000, R10=0x0000600002c59200, R11=0x00007ff81fa356a4
R12=0x0000600001009140, R13=0xa3a3a3a3a3a3a3a3, R14=0x00007fa7c7974068, R15=0x00007fa7c7974000
RIP=0x00007ff81cdfae2f, EFLAGS=0x0000000000010202, ERR=0x0000000000000004
  TRAPNO=0x000000000000000e

Top of Stack: (sp=0x0000700003e76428)
0x0000700003e76428:   00007ff81cdfedea ab87c1585d9a004a
0x0000700003e76438:   00007fa7c7974000 00006000010556b0
0x0000700003e76448:   000000012acea7d8 00007ff8373cc1cf
0x0000700003e76458:   00006000010556b0 0000700003e76480
0x0000700003e76468:   00007ff81cdfbd6f ab87c1585d9a004a
0x0000700003e76478:   00007fa7c7974068 0000700003e764a0
0x0000700003e76488:   00007ff81cfedada ab87c1585d9a004a
0x0000700003e76498:   0000600003a5eb20 0000700003e764e0
0x0000700003e764a8:   00007ff81de47991 00007ff85ce647a0
0x0000700003e764b8:   0000000000000000 ab87c1585d9a004a
0x0000700003e764c8:   0000600003a5eb20 00006000010147e0
0x0000700003e764d8:   00007fa7c796c348 0000700003e76510
0x0000700003e764e8:   000000012abbbcce 000000012acea7e0
0x0000700003e764f8:   0000000000000000 0000700003e765a8
0x0000700003e76508:   00007fa7c796c000 0000700003e76580
0x0000700003e76518:   000000010c18c710 0000700003e76580
0x0000700003e76528:   000000010c18c45e 000000010c18c416
0x0000700003e76538:   0000700003e76538 000000012acea7d8
0x0000700003e76548:   0000700003e765a8 000000012acead48
0x0000700003e76558:   0000000000000000 0000000787696d10
0x0000700003e76568:   000000012acea7e0 0000000000000000
0x0000700003e76578:   0000700003e765a0 0000700003e765f8
0x0000700003e76588:   000000010c186f67 0000000787696d10
0x0000700003e76598:   000000010c1897b8 00000007876a3c50
0x0000700003e765a8:   0000000787604cf8 0000700003e765b0
0x0000700003e765b8:   000000012acea6df 0000700003e76628
0x0000700003e765c8:   000000012acead48 0000000000000000
0x0000700003e765d8:   0000000787696d10 000000012acea750
0x0000700003e765e8:   0000700003e765a0 0000700003e76618
0x0000700003e765f8:   0000700003e76688 000000010c186fac
0x0000700003e76608:   0000000000000000 0000000787604cf8
0x0000700003e76618:   00000007876a3c50 0000000787604c38 

Instructions: (pc=0x00007ff81cdfae2f)
0x00007ff81cdfae0f:   c3 48 85 ff 74 76 89 f8 83 e0 01 48 85 c0 75 6c
0x00007ff81cdfae1f:   48 8b 07 48 b9 f8 ff ff ff ff 7f 00 00 48 21 c1
0x00007ff81cdfae2f:   48 8b 51 20 f6 c2 04 74 54 a8 01 74 72 48 b9 00
0x00007ff81cdfae3f:   00 00 00 00 00 80 00 48 ba 00 00 00 00 00 00 00 

Stack slot to memory mapping:
stack at sp + 0 slots: 0x00007ff81cdfedea: _ZN19AutoreleasePoolPage12releaseUntilEPP11objc_object+0xa4 in /usr/lib/libobjc.A.dylib at 0x00007ff81cdf1000
stack at sp + 1 slots: 0xab87c1585d9a004a is an unknown value
stack at sp + 2 slots: 0x00007fa7c7974000 points into unknown readable memory: 0x4f545541a1a1a1a1 | a1 a1 a1 a1 41 55 54 4f
stack at sp + 3 slots: 0x00006000010556b0 points into unknown readable memory: 0x011dfff85e5498f9 | f9 98 54 5e f8 ff 1d 01
stack at sp + 4 slots: 0x000000012acea7d8 is pointing into metadata
stack at sp + 5 slots: 0x00007ff8373cc1cf: <offset 0x1a5db1cf> in /usr/lib/libobjc.A.dylib at 0x00007ff81cdf1000
stack at sp + 6 slots: 0x00006000010556b0 points into unknown readable memory: 0x011dfff85e5498f9 | f9 98 54 5e f8 ff 1d 01
stack at sp + 7 slots: 0x0000700003e76480 is pointing into the stack for thread: 0x00007fa7c796c000


---------------  P R O C E S S  ---------------

Threads class SMR info:
_java_thread_list=0x0000600001e01da0, length=12, elements={
0x00007fa7c68bb800, 0x00007fa7c68be800, 0x00007fa7c68c3800, 0x00007fa7c68c1000,
0x00007fa7c68c4800, 0x00007fa7c784f000, 0x00007fa7c7851800, 0x00007fa7c68c5800,
0x00007fa7c6cfd800, 0x00007fa7c796c000, 0x00007fa7c799a800, 0x00007fa7c6823000
}

Java Threads: ( => current thread )
  0x00007fa7c68bb800 JavaThread "Reference Handler" daemon [_thread_blocked, id=14339, stack(0x0000700002f44000,0x0000700003044000)]
  0x00007fa7c68be800 JavaThread "Finalizer" daemon [_thread_blocked, id=14851, stack(0x0000700003047000,0x0000700003147000)]
  0x00007fa7c68c3800 JavaThread "Signal Dispatcher" daemon [_thread_blocked, id=16387, stack(0x0000700003250000,0x0000700003350000)]
  0x00007fa7c68c1000 JavaThread "Service Thread" daemon [_thread_blocked, id=21763, stack(0x0000700003353000,0x0000700003453000)]
  0x00007fa7c68c4800 JavaThread "C2 CompilerThread0" daemon [_thread_blocked, id=43011, stack(0x0000700003456000,0x0000700003556000)]
  0x00007fa7c784f000 JavaThread "C1 CompilerThread0" daemon [_thread_blocked, id=42499, stack(0x0000700003559000,0x0000700003659000)]
  0x00007fa7c7851800 JavaThread "Sweeper thread" daemon [_thread_blocked, id=22531, stack(0x000070000365c000,0x000070000375c000)]
  0x00007fa7c68c5800 JavaThread "Common-Cleaner" daemon [_thread_blocked, id=40963, stack(0x0000700003862000,0x0000700003962000)]
  0x00007fa7c6cfd800 JavaThread "AppKit Thread" daemon [_thread_in_native, id=259, stack(0x00007ff7be21b000,0x00007ff7bea1b000)]
=>0x00007fa7c796c000 JavaThread "LWJGL Application" [_thread_in_native, id=69891, stack(0x0000700003d77000,0x0000700003e77000)]
  0x00007fa7c799a800 JavaThread "DestroyJavaVM" [_thread_blocked, id=9731, stack(0x000070000282f000,0x000070000292f000)]
  0x00007fa7c6823000 JavaThread "AWT-Shutdown" [_thread_blocked, id=68099, stack(0x0000700003c74000,0x0000700003d74000)]

Other Threads:
  0x00007fa7c68b4000 VMThread "VM Thread" [stack: 0x0000700002e41000,0x0000700002f41000] [id=19459]
  0x00007fa7c802d800 WatcherThread [stack: 0x000070000375f000,0x000070000385f000] [id=41475]
  0x00007fa7c7809800 GCTaskThread "GC Thread#0" [stack: 0x0000700002932000,0x0000700002a32000] [id=11523]
  0x00007fa7c7830000 ConcurrentGCThread "G1 Main Marker" [stack: 0x0000700002a35000,0x0000700002b35000] [id=11779]
  0x00007fa7c681b000 ConcurrentGCThread "G1 Conc#0" [stack: 0x0000700002b38000,0x0000700002c38000] [id=12291]
  0x00007fa7c687a000 ConcurrentGCThread "G1 Refine#0" [stack: 0x0000700002c3b000,0x0000700002d3b000] [id=12803]
  0x00007fa7c7831000 ConcurrentGCThread "G1 Young RemSet Sampling" [stack: 0x0000700002d3e000,0x0000700002e3e000] [id=13315]

Threads with active compile tasks:

VM state:not at safepoint (normal execution)

VM Mutex/Monitor currently owned by a thread: None

Heap address: 0x0000000780000000, size: 2048 MB, Compressed Oops mode: Zero based, Oop shift amount: 3
Narrow klass base: 0x0000000800000000, Narrow klass shift: 0
Compressed class space size: 1073741824 Address: 0x0000000800000000

Heap:
 garbage-first heap   total 131072K, used 12288K [0x0000000780000000, 0x0000000800000000)
  region size 1024K, 10 young (10240K), 0 survivors (0K)
 Metaspace       used 9403K, capacity 9571K, committed 9984K, reserved 1058816K
  class space    used 870K, capacity 959K, committed 1024K, reserved 1048576K
Heap Regions: E=young(eden), S=young(survivor), O=old, HS=humongous(starts), HC=humongous(continues), CS=collection set, F=free, A=archive, TAMS=top-at-mark-start (previous, next)
|   0|0x0000000780000000, 0x0000000780100000, 0x0000000780100000|100%|HS|  |TAMS 0x0000000780000000, 0x0000000780000000| Complete 
|   1|0x0000000780100000, 0x0000000780200000, 0x0000000780200000|100%|HC|  |TAMS 0x0000000780100000, 0x0000000780100000| Complete 
|   2|0x0000000780200000, 0x0000000780300000, 0x0000000780300000|100%|HS|  |TAMS 0x0000000780200000, 0x0000000780200000| Complete 
|   3|0x0000000780300000, 0x0000000780300000, 0x0000000780400000|  0%| F|  |TAMS 0x0000000780300000, 0x0000000780300000| Untracked 
|   4|0x0000000780400000, 0x0000000780400000, 0x0000000780500000|  0%| F|  |TAMS 0x0000000780400000, 0x0000000780400000| Untracked 
|   5|0x0000000780500000, 0x0000000780500000, 0x0000000780600000|  0%| F|  |TAMS 0x0000000780500000, 0x0000000780500000| Untracked 
|   6|0x0000000780600000, 0x0000000780600000, 0x0000000780700000|  0%| F|  |TAMS 0x0000000780600000, 0x0000000780600000| Untracked 
|   7|0x0000000780700000, 0x0000000780700000, 0x0000000780800000|  0%| F|  |TAMS 0x0000000780700000, 0x0000000780700000| Untracked 
|   8|0x0000000780800000, 0x0000000780800000, 0x0000000780900000|  0%| F|  |TAMS 0x0000000780800000, 0x0000000780800000| Untracked 
|   9|0x0000000780900000, 0x0000000780900000, 0x0000000780a00000|  0%| F|  |TAMS 0x0000000780900000, 0x0000000780900000| Untracked 
|  10|0x0000000780a00000, 0x0000000780a00000, 0x0000000780b00000|  0%| F|  |TAMS 0x0000000780a00000, 0x0000000780a00000| Untracked 
|  11|0x0000000780b00000, 0x0000000780b00000, 0x0000000780c00000|  0%| F|  |TAMS 0x0000000780b00000, 0x0000000780b00000| Untracked 
|  12|0x0000000780c00000, 0x0000000780c00000, 0x0000000780d00000|  0%| F|  |TAMS 0x0000000780c00000, 0x0000000780c00000| Untracked 
|  13|0x0000000780d00000, 0x0000000780d00000, 0x0000000780e00000|  0%| F|  |TAMS 0x0000000780d00000, 0x0000000780d00000| Untracked 
|  14|0x0000000780e00000, 0x0000000780e00000, 0x0000000780f00000|  0%| F|  |TAMS 0x0000000780e00000, 0x0000000780e00000| Untracked 
|  15|0x0000000780f00000, 0x0000000780f00000, 0x0000000781000000|  0%| F|  |TAMS 0x0000000780f00000, 0x0000000780f00000| Untracked 
|  16|0x0000000781000000, 0x0000000781000000, 0x0000000781100000|  0%| F|  |TAMS 0x0000000781000000, 0x0000000781000000| Untracked 
|  17|0x0000000781100000, 0x0000000781100000, 0x0000000781200000|  0%| F|  |TAMS 0x0000000781100000, 0x0000000781100000| Untracked 
|  18|0x0000000781200000, 0x0000000781200000, 0x0000000781300000|  0%| F|  |TAMS 0x0000000781200000, 0x0000000781200000| Untracked 
|  19|0x0000000781300000, 0x0000000781300000, 0x0000000781400000|  0%| F|  |TAMS 0x0000000781300000, 0x0000000781300000| Untracked 
|  20|0x0000000781400000, 0x0000000781400000, 0x0000000781500000|  0%| F|  |TAMS 0x0000000781400000, 0x0000000781400000| Untracked 
|  21|0x0000000781500000, 0x0000000781500000, 0x0000000781600000|  0%| F|  |TAMS 0x0000000781500000, 0x0000000781500000| Untracked 
|  22|0x0000000781600000, 0x0000000781600000, 0x0000000781700000|  0%| F|  |TAMS 0x0000000781600000, 0x0000000781600000| Untracked 
|  23|0x0000000781700000, 0x0000000781700000, 0x0000000781800000|  0%| F|  |TAMS 0x0000000781700000, 0x0000000781700000| Untracked 
|  24|0x0000000781800000, 0x0000000781800000, 0x0000000781900000|  0%| F|  |TAMS 0x0000000781800000, 0x0000000781800000| Untracked 
|  25|0x0000000781900000, 0x0000000781900000, 0x0000000781a00000|  0%| F|  |TAMS 0x0000000781900000, 0x0000000781900000| Untracked 
|  26|0x0000000781a00000, 0x0000000781a00000, 0x0000000781b00000|  0%| F|  |TAMS 0x0000000781a00000, 0x0000000781a00000| Untracked 
|  27|0x0000000781b00000, 0x0000000781b00000, 0x0000000781c00000|  0%| F|  |TAMS 0x0000000781b00000, 0x0000000781b00000| Untracked 
|  28|0x0000000781c00000, 0x0000000781c00000, 0x0000000781d00000|  0%| F|  |TAMS 0x0000000781c00000, 0x0000000781c00000| Untracked 
|  29|0x0000000781d00000, 0x0000000781d00000, 0x0000000781e00000|  0%| F|  |TAMS 0x0000000781d00000, 0x0000000781d00000| Untracked 
|  30|0x0000000781e00000, 0x0000000781e00000, 0x0000000781f00000|  0%| F|  |TAMS 0x0000000781e00000, 0x0000000781e00000| Untracked 
|  31|0x0000000781f00000, 0x0000000781f00000, 0x0000000782000000|  0%| F|  |TAMS 0x0000000781f00000, 0x0000000781f00000| Untracked 
|  32|0x0000000782000000, 0x0000000782000000, 0x0000000782100000|  0%| F|  |TAMS 0x0000000782000000, 0x0000000782000000| Untracked 
|  33|0x0000000782100000, 0x0000000782100000, 0x0000000782200000|  0%| F|  |TAMS 0x0000000782100000, 0x0000000782100000| Untracked 
|  34|0x0000000782200000, 0x0000000782200000, 0x0000000782300000|  0%| F|  |TAMS 0x0000000782200000, 0x0000000782200000| Untracked 
|  35|0x0000000782300000, 0x0000000782300000, 0x0000000782400000|  0%| F|  |TAMS 0x0000000782300000, 0x0000000782300000| Untracked 
|  36|0x0000000782400000, 0x0000000782400000, 0x0000000782500000|  0%| F|  |TAMS 0x0000000782400000, 0x0000000782400000| Untracked 
|  37|0x0000000782500000, 0x0000000782500000, 0x0000000782600000|  0%| F|  |TAMS 0x0000000782500000, 0x0000000782500000| Untracked 
|  38|0x0000000782600000, 0x0000000782600000, 0x0000000782700000|  0%| F|  |TAMS 0x0000000782600000, 0x0000000782600000| Untracked 
|  39|0x0000000782700000, 0x0000000782700000, 0x0000000782800000|  0%| F|  |TAMS 0x0000000782700000, 0x0000000782700000| Untracked 
|  40|0x0000000782800000, 0x0000000782800000, 0x0000000782900000|  0%| F|  |TAMS 0x0000000782800000, 0x0000000782800000| Untracked 
|  41|0x0000000782900000, 0x0000000782900000, 0x0000000782a00000|  0%| F|  |TAMS 0x0000000782900000, 0x0000000782900000| Untracked 
|  42|0x0000000782a00000, 0x0000000782a00000, 0x0000000782b00000|  0%| F|  |TAMS 0x0000000782a00000, 0x0000000782a00000| Untracked 
|  43|0x0000000782b00000, 0x0000000782b00000, 0x0000000782c00000|  0%| F|  |TAMS 0x0000000782b00000, 0x0000000782b00000| Untracked 
|  44|0x0000000782c00000, 0x0000000782c00000, 0x0000000782d00000|  0%| F|  |TAMS 0x0000000782c00000, 0x0000000782c00000| Untracked 
|  45|0x0000000782d00000, 0x0000000782d00000, 0x0000000782e00000|  0%| F|  |TAMS 0x0000000782d00000, 0x0000000782d00000| Untracked 
|  46|0x0000000782e00000, 0x0000000782e00000, 0x0000000782f00000|  0%| F|  |TAMS 0x0000000782e00000, 0x0000000782e00000| Untracked 
|  47|0x0000000782f00000, 0x0000000782f00000, 0x0000000783000000|  0%| F|  |TAMS 0x0000000782f00000, 0x0000000782f00000| Untracked 
|  48|0x0000000783000000, 0x0000000783000000, 0x0000000783100000|  0%| F|  |TAMS 0x0000000783000000, 0x0000000783000000| Untracked 
|  49|0x0000000783100000, 0x0000000783100000, 0x0000000783200000|  0%| F|  |TAMS 0x0000000783100000, 0x0000000783100000| Untracked 
|  50|0x0000000783200000, 0x0000000783200000, 0x0000000783300000|  0%| F|  |TAMS 0x0000000783200000, 0x0000000783200000| Untracked 
|  51|0x0000000783300000, 0x0000000783300000, 0x0000000783400000|  0%| F|  |TAMS 0x0000000783300000, 0x0000000783300000| Untracked 
|  52|0x0000000783400000, 0x0000000783400000, 0x0000000783500000|  0%| F|  |TAMS 0x0000000783400000, 0x0000000783400000| Untracked 
|  53|0x0000000783500000, 0x0000000783500000, 0x0000000783600000|  0%| F|  |TAMS 0x0000000783500000, 0x0000000783500000| Untracked 
|  54|0x0000000783600000, 0x0000000783600000, 0x0000000783700000|  0%| F|  |TAMS 0x0000000783600000, 0x0000000783600000| Untracked 
|  55|0x0000000783700000, 0x0000000783700000, 0x0000000783800000|  0%| F|  |TAMS 0x0000000783700000, 0x0000000783700000| Untracked 
|  56|0x0000000783800000, 0x0000000783800000, 0x0000000783900000|  0%| F|  |TAMS 0x0000000783800000, 0x0000000783800000| Untracked 
|  57|0x0000000783900000, 0x0000000783900000, 0x0000000783a00000|  0%| F|  |TAMS 0x0000000783900000, 0x0000000783900000| Untracked 
|  58|0x0000000783a00000, 0x0000000783a00000, 0x0000000783b00000|  0%| F|  |TAMS 0x0000000783a00000, 0x0000000783a00000| Untracked 
|  59|0x0000000783b00000, 0x0000000783b00000, 0x0000000783c00000|  0%| F|  |TAMS 0x0000000783b00000, 0x0000000783b00000| Untracked 
|  60|0x0000000783c00000, 0x0000000783c00000, 0x0000000783d00000|  0%| F|  |TAMS 0x0000000783c00000, 0x0000000783c00000| Untracked 
|  61|0x0000000783d00000, 0x0000000783d00000, 0x0000000783e00000|  0%| F|  |TAMS 0x0000000783d00000, 0x0000000783d00000| Untracked 
|  62|0x0000000783e00000, 0x0000000783e00000, 0x0000000783f00000|  0%| F|  |TAMS 0x0000000783e00000, 0x0000000783e00000| Untracked 
|  63|0x0000000783f00000, 0x0000000783f00000, 0x0000000784000000|  0%| F|  |TAMS 0x0000000783f00000, 0x0000000783f00000| Untracked 
|  64|0x0000000784000000, 0x0000000784000000, 0x0000000784100000|  0%| F|  |TAMS 0x0000000784000000, 0x0000000784000000| Untracked 
|  65|0x0000000784100000, 0x0000000784100000, 0x0000000784200000|  0%| F|  |TAMS 0x0000000784100000, 0x0000000784100000| Untracked 
|  66|0x0000000784200000, 0x0000000784200000, 0x0000000784300000|  0%| F|  |TAMS 0x0000000784200000, 0x0000000784200000| Untracked 
|  67|0x0000000784300000, 0x0000000784300000, 0x0000000784400000|  0%| F|  |TAMS 0x0000000784300000, 0x0000000784300000| Untracked 
|  68|0x0000000784400000, 0x0000000784400000, 0x0000000784500000|  0%| F|  |TAMS 0x0000000784400000, 0x0000000784400000| Untracked 
|  69|0x0000000784500000, 0x0000000784500000, 0x0000000784600000|  0%| F|  |TAMS 0x0000000784500000, 0x0000000784500000| Untracked 
|  70|0x0000000784600000, 0x0000000784600000, 0x0000000784700000|  0%| F|  |TAMS 0x0000000784600000, 0x0000000784600000| Untracked 
|  71|0x0000000784700000, 0x0000000784700000, 0x0000000784800000|  0%| F|  |TAMS 0x0000000784700000, 0x0000000784700000| Untracked 
|  72|0x0000000784800000, 0x0000000784800000, 0x0000000784900000|  0%| F|  |TAMS 0x0000000784800000, 0x0000000784800000| Untracked 
|  73|0x0000000784900000, 0x0000000784900000, 0x0000000784a00000|  0%| F|  |TAMS 0x0000000784900000, 0x0000000784900000| Untracked 
|  74|0x0000000784a00000, 0x0000000784a00000, 0x0000000784b00000|  0%| F|  |TAMS 0x0000000784a00000, 0x0000000784a00000| Untracked 
|  75|0x0000000784b00000, 0x0000000784b00000, 0x0000000784c00000|  0%| F|  |TAMS 0x0000000784b00000, 0x0000000784b00000| Untracked 
|  76|0x0000000784c00000, 0x0000000784c00000, 0x0000000784d00000|  0%| F|  |TAMS 0x0000000784c00000, 0x0000000784c00000| Untracked 
|  77|0x0000000784d00000, 0x0000000784d00000, 0x0000000784e00000|  0%| F|  |TAMS 0x0000000784d00000, 0x0000000784d00000| Untracked 
|  78|0x0000000784e00000, 0x0000000784e00000, 0x0000000784f00000|  0%| F|  |TAMS 0x0000000784e00000, 0x0000000784e00000| Untracked 
|  79|0x0000000784f00000, 0x0000000784f00000, 0x0000000785000000|  0%| F|  |TAMS 0x0000000784f00000, 0x0000000784f00000| Untracked 
|  80|0x0000000785000000, 0x0000000785000000, 0x0000000785100000|  0%| F|  |TAMS 0x0000000785000000, 0x0000000785000000| Untracked 
|  81|0x0000000785100000, 0x0000000785100000, 0x0000000785200000|  0%| F|  |TAMS 0x0000000785100000, 0x0000000785100000| Untracked 
|  82|0x0000000785200000, 0x0000000785200000, 0x0000000785300000|  0%| F|  |TAMS 0x0000000785200000, 0x0000000785200000| Untracked 
|  83|0x0000000785300000, 0x0000000785300000, 0x0000000785400000|  0%| F|  |TAMS 0x0000000785300000, 0x0000000785300000| Untracked 
|  84|0x0000000785400000, 0x0000000785400000, 0x0000000785500000|  0%| F|  |TAMS 0x0000000785400000, 0x0000000785400000| Untracked 
|  85|0x0000000785500000, 0x0000000785500000, 0x0000000785600000|  0%| F|  |TAMS 0x0000000785500000, 0x0000000785500000| Untracked 
|  86|0x0000000785600000, 0x0000000785600000, 0x0000000785700000|  0%| F|  |TAMS 0x0000000785600000, 0x0000000785600000| Untracked 
|  87|0x0000000785700000, 0x0000000785700000, 0x0000000785800000|  0%| F|  |TAMS 0x0000000785700000, 0x0000000785700000| Untracked 
|  88|0x0000000785800000, 0x0000000785800000, 0x0000000785900000|  0%| F|  |TAMS 0x0000000785800000, 0x0000000785800000| Untracked 
|  89|0x0000000785900000, 0x0000000785900000, 0x0000000785a00000|  0%| F|  |TAMS 0x0000000785900000, 0x0000000785900000| Untracked 
|  90|0x0000000785a00000, 0x0000000785a00000, 0x0000000785b00000|  0%| F|  |TAMS 0x0000000785a00000, 0x0000000785a00000| Untracked 
|  91|0x0000000785b00000, 0x0000000785b00000, 0x0000000785c00000|  0%| F|  |TAMS 0x0000000785b00000, 0x0000000785b00000| Untracked 
|  92|0x0000000785c00000, 0x0000000785c00000, 0x0000000785d00000|  0%| F|  |TAMS 0x0000000785c00000, 0x0000000785c00000| Untracked 
|  93|0x0000000785d00000, 0x0000000785d00000, 0x0000000785e00000|  0%| F|  |TAMS 0x0000000785d00000, 0x0000000785d00000| Untracked 
|  94|0x0000000785e00000, 0x0000000785e00000, 0x0000000785f00000|  0%| F|  |TAMS 0x0000000785e00000, 0x0000000785e00000| Untracked 
|  95|0x0000000785f00000, 0x0000000785f00000, 0x0000000786000000|  0%| F|  |TAMS 0x0000000785f00000, 0x0000000785f00000| Untracked 
|  96|0x0000000786000000, 0x0000000786000000, 0x0000000786100000|  0%| F|  |TAMS 0x0000000786000000, 0x0000000786000000| Untracked 
|  97|0x0000000786100000, 0x0000000786100000, 0x0000000786200000|  0%| F|  |TAMS 0x0000000786100000, 0x0000000786100000| Untracked 
|  98|0x0000000786200000, 0x0000000786200000, 0x0000000786300000|  0%| F|  |TAMS 0x0000000786200000, 0x0000000786200000| Untracked 
|  99|0x0000000786300000, 0x0000000786300000, 0x0000000786400000|  0%| F|  |TAMS 0x0000000786300000, 0x0000000786300000| Untracked 
| 100|0x0000000786400000, 0x0000000786400000, 0x0000000786500000|  0%| F|  |TAMS 0x0000000786400000, 0x0000000786400000| Untracked 
| 101|0x0000000786500000, 0x0000000786500000, 0x0000000786600000|  0%| F|  |TAMS 0x0000000786500000, 0x0000000786500000| Untracked 
| 102|0x0000000786600000, 0x0000000786600000, 0x0000000786700000|  0%| F|  |TAMS 0x0000000786600000, 0x0000000786600000| Untracked 
| 103|0x0000000786700000, 0x0000000786700000, 0x0000000786800000|  0%| F|  |TAMS 0x0000000786700000, 0x0000000786700000| Untracked 
| 104|0x0000000786800000, 0x0000000786800000, 0x0000000786900000|  0%| F|  |TAMS 0x0000000786800000, 0x0000000786800000| Untracked 
| 105|0x0000000786900000, 0x0000000786900000, 0x0000000786a00000|  0%| F|  |TAMS 0x0000000786900000, 0x0000000786900000| Untracked 
| 106|0x0000000786a00000, 0x0000000786a00000, 0x0000000786b00000|  0%| F|  |TAMS 0x0000000786a00000, 0x0000000786a00000| Untracked 
| 107|0x0000000786b00000, 0x0000000786b00000, 0x0000000786c00000|  0%| F|  |TAMS 0x0000000786b00000, 0x0000000786b00000| Untracked 
| 108|0x0000000786c00000, 0x0000000786c00000, 0x0000000786d00000|  0%| F|  |TAMS 0x0000000786c00000, 0x0000000786c00000| Untracked 
| 109|0x0000000786d00000, 0x0000000786d00000, 0x0000000786e00000|  0%| F|  |TAMS 0x0000000786d00000, 0x0000000786d00000| Untracked 
| 110|0x0000000786e00000, 0x0000000786e00000, 0x0000000786f00000|  0%| F|  |TAMS 0x0000000786e00000, 0x0000000786e00000| Untracked 
| 111|0x0000000786f00000, 0x0000000786f00000, 0x0000000787000000|  0%| F|  |TAMS 0x0000000786f00000, 0x0000000786f00000| Untracked 
| 112|0x0000000787000000, 0x0000000787000000, 0x0000000787100000|  0%| F|  |TAMS 0x0000000787000000, 0x0000000787000000| Untracked 
| 113|0x0000000787100000, 0x0000000787100000, 0x0000000787200000|  0%| F|  |TAMS 0x0000000787100000, 0x0000000787100000| Untracked 
| 114|0x0000000787200000, 0x0000000787200000, 0x0000000787300000|  0%| F|  |TAMS 0x0000000787200000, 0x0000000787200000| Untracked 
| 115|0x0000000787300000, 0x0000000787300000, 0x0000000787400000|  0%| F|  |TAMS 0x0000000787300000, 0x0000000787300000| Untracked 
| 116|0x0000000787400000, 0x0000000787400000, 0x0000000787500000|  0%| F|  |TAMS 0x0000000787400000, 0x0000000787400000| Untracked 
| 117|0x0000000787500000, 0x0000000787500000, 0x0000000787600000|  0%| F|  |TAMS 0x0000000787500000, 0x0000000787500000| Untracked 
| 118|0x0000000787600000, 0x00000007876d7c38, 0x0000000787700000| 84%| E|  |TAMS 0x0000000787600000, 0x0000000787600000| Complete 
| 119|0x0000000787700000, 0x0000000787800000, 0x0000000787800000|100%| E|CS|TAMS 0x0000000787700000, 0x0000000787700000| Complete 
| 120|0x0000000787800000, 0x0000000787900000, 0x0000000787900000|100%| E|CS|TAMS 0x0000000787800000, 0x0000000787800000| Complete 
| 121|0x0000000787900000, 0x0000000787a00000, 0x0000000787a00000|100%| E|CS|TAMS 0x0000000787900000, 0x0000000787900000| Complete 
| 122|0x0000000787a00000, 0x0000000787b00000, 0x0000000787b00000|100%| E|CS|TAMS 0x0000000787a00000, 0x0000000787a00000| Complete 
| 123|0x0000000787b00000, 0x0000000787c00000, 0x0000000787c00000|100%| E|CS|TAMS 0x0000000787b00000, 0x0000000787b00000| Complete 
| 124|0x0000000787c00000, 0x0000000787d00000, 0x0000000787d00000|100%| E|CS|TAMS 0x0000000787c00000, 0x0000000787c00000| Complete 
| 125|0x0000000787d00000, 0x0000000787e00000, 0x0000000787e00000|100%| E|CS|TAMS 0x0000000787d00000, 0x0000000787d00000| Complete 
| 126|0x0000000787e00000, 0x0000000787f00000, 0x0000000787f00000|100%| E|CS|TAMS 0x0000000787e00000, 0x0000000787e00000| Complete 
| 127|0x0000000787f00000, 0x0000000788000000, 0x0000000788000000|100%| E|CS|TAMS 0x0000000787f00000, 0x0000000787f00000| Complete 

Card table byte_map: [0x0000000101ccd000,0x00000001020cd000] _byte_map_base: 0x00000000fe0cd000

Marking Bits (Prev, Next): (CMBitMap*) 0x00007fa7c7827618, (CMBitMap*) 0x00007fa7c7827650
 Prev Bits: [0x000000011b17d000, 0x000000011d17d000)
 Next Bits: [0x000000011d17d000, 0x000000011f17d000)

Polling page: 0x000000010160c000

Metaspace:

Usage:
  Non-class:      8.41 MB capacity,     8.33 MB (>99%) used,    65.60 KB ( <1%) free+waste,    13.06 KB ( <1%) overhead. 
      Class:    959.00 KB capacity,   870.09 KB ( 91%) used,    82.48 KB (  9%) free+waste,     6.44 KB ( <1%) overhead. 
       Both:      9.35 MB capacity,     9.18 MB ( 98%) used,   148.08 KB (  2%) free+waste,    19.50 KB ( <1%) overhead. 

Virtual space:
  Non-class space:       10.00 MB reserved,       8.75 MB ( 88%) committed 
      Class space:        1.00 GB reserved,       1.00 MB ( <1%) committed 
             Both:        1.01 GB reserved,       9.75 MB ( <1%) committed 

Chunk freelists:
   Non-Class:  18.50 KB
       Class:  128 bytes
        Both:  18.62 KB

CodeHeap 'non-profiled nmethods': size=120032Kb used=185Kb max_used=185Kb free=119846Kb
 bounds [0x0000000113c45000, 0x0000000113eb5000, 0x000000011b17d000]
CodeHeap 'profiled nmethods': size=120032Kb used=1142Kb max_used=1142Kb free=118889Kb
 bounds [0x000000010c70d000, 0x000000010c97d000, 0x0000000113c45000]
CodeHeap 'non-nmethods': size=5696Kb used=1080Kb max_used=1093Kb free=4615Kb
 bounds [0x000000010c17d000, 0x000000010c3ed000, 0x000000010c70d000]
 total_blobs=1093 nmethods=698 adapters=308
 compilation: enabled
              stopped_count=0, restarted_count=0
 full_count=0

Compilation events (10 events):
Event: 20.650 Thread 0x00007fa7c784f000  694       3       java.lang.Integer::valueOf (32 bytes)
Event: 20.650 Thread 0x00007fa7c784f000 nmethod 694 0x000000010c828e90 code [0x000000010c829060, 0x000000010c829370]
Event: 20.650 Thread 0x00007fa7c784f000  695       3       java.nio.Buffer::remaining (20 bytes)
Event: 20.650 Thread 0x00007fa7c784f000 nmethod 695 0x000000010c829510 code [0x000000010c8296c0, 0x000000010c829810]
Event: 20.667 Thread 0x00007fa7c784f000  696       3       java.util.zip.ZipUtils::LOCSIG (6 bytes)
Event: 20.668 Thread 0x00007fa7c784f000 nmethod 696 0x000000010c829890 code [0x000000010c829a40, 0x000000010c829cf0]
Event: 20.669 Thread 0x00007fa7c784f000  697       3       java.util.ArrayDeque::add (7 bytes)
Event: 20.669 Thread 0x00007fa7c784f000 nmethod 697 0x000000010c829e90 code [0x000000010c82a040, 0x000000010c82a180]
Event: 20.669 Thread 0x00007fa7c784f000  698       3       java.util.ArrayDeque::addLast (51 bytes)
Event: 20.670 Thread 0x00007fa7c784f000 nmethod 698 0x000000010c82a210 code [0x000000010c82a400, 0x000000010c82a8d0]

GC Heap History (0 events):
No events

Deoptimization events (3 events):
Event: 0.433 Thread 0x00007fa7c6823000 Uncommon trap: reason=unstable_if action=reinterpret pc=0x0000000113c498a8 method=java.lang.String.hashCode()I @ 14 c2
Event: 1.753 Thread 0x00007fa7c6823000 Uncommon trap: reason=unstable_if action=reinterpret pc=0x0000000113c52970 method=java.lang.String.startsWith(Ljava/lang/String;I)Z @ 1 c2
Event: 1.759 Thread 0x00007fa7c6823000 Uncommon trap: reason=unstable_if action=reinterpret pc=0x0000000113c53380 method=java.lang.StringLatin1.indexOf([BI[BII)I @ 91 c2

Classes redefined (0 events):
No events

Internal exceptions (10 events):
Event: 17.206 Thread 0x00007fa7c6823000 Exception <a 'java/security/PrivilegedActionException'{0x00000007879bc1a8}> (0x00000007879bc1a8) thrown at [open/src/hotspot/share/prims/jvm.cpp, line 1305]
Event: 17.206 Thread 0x00007fa7c6823000 Exception <a 'java/security/PrivilegedActionException'{0x00000007879bcd28}> (0x00000007879bcd28) thrown at [open/src/hotspot/share/prims/jvm.cpp, line 1305]
Event: 18.019 Thread 0x00007fa7c6823000 Exception <a 'org/lwjgl/LWJGLException'{0x000000078783c238}: Could not load OpenAL library> (0x000000078783c238) thrown at [open/src/hotspot/share/prims/jni.cpp, line 632]
Event: 18.019 Thread 0x00007fa7c6823000 Exception <a 'org/lwjgl/LWJGLException'{0x000000078783c710}: Could not load OpenAL library> (0x000000078783c710) thrown at [open/src/hotspot/share/prims/jni.cpp, line 632]
Event: 18.019 Thread 0x00007fa7c6823000 Exception <a 'org/lwjgl/LWJGLException'{0x000000078783cba8}: Could not load OpenAL library> (0x000000078783cba8) thrown at [open/src/hotspot/share/prims/jni.cpp, line 632]
Event: 18.057 Thread 0x00007fa7c6823000 Exception <a 'org/lwjgl/LWJGLException'{0x000000078783d060}: Could not load OpenAL library> (0x000000078783d060) thrown at [open/src/hotspot/share/prims/jni.cpp, line 632]
Event: 18.077 Thread 0x00007fa7c6823000 Exception <a 'org/lwjgl/LWJGLException'{0x000000078783d510}: Could not load OpenAL library> (0x000000078783d510) thrown at [open/src/hotspot/share/prims/jni.cpp, line 632]
Event: 18.077 Thread 0x00007fa7c6823000 Exception <a 'org/lwjgl/LWJGLException'{0x000000078783d978}: Could not load OpenAL library> (0x000000078783d978) thrown at [open/src/hotspot/share/prims/jni.cpp, line 632]
Event: 18.077 Thread 0x00007fa7c6823000 Exception <a 'org/lwjgl/LWJGLException'{0x000000078783ddc0}: Could not load OpenAL library> (0x000000078783ddc0) thrown at [open/src/hotspot/share/prims/jni.cpp, line 632]
Event: 18.077 Thread 0x00007fa7c6823000 Exception <a 'org/lwjgl/LWJGLException'{0x000000078783e308}: Could not load OpenAL library> (0x000000078783e308) thrown at [open/src/hotspot/share/prims/jni.cpp, line 632]

Events (10 events):
Event: 20.668 loading class org/lwjgl/opengl/ContextImplementation
Event: 20.668 loading class org/lwjgl/opengl/ContextImplementation done
Event: 20.669 loading class org/lwjgl/opengl/MacOSXContextImplementation
Event: 20.669 loading class org/lwjgl/opengl/MacOSXContextImplementation done
Event: 20.669 loading class org/lwjgl/opengl/GLContext
Event: 20.669 loading class org/lwjgl/opengl/GLContext done
Event: 20.670 loading class java/lang/NumberFormatException
Event: 20.670 loading class java/lang/NumberFormatException done
Event: 20.671 loading class org/lwjgl/opengl/GLContext$CapabilitiesCacheEntry
Event: 20.671 loading class org/lwjgl/opengl/GLContext$CapabilitiesCacheEntry done


Dynamic libraries:
0x000000010160e000 	/Library/Java/JavaVirtualMachines/jdk-11.jdk/Contents/Home/lib/jli/libjli.dylib
0x00007ff833df7000 	/System/Library/Frameworks/Cocoa.framework/Versions/A/Cocoa
0x00007ff81fa2a000 	/System/Library/Frameworks/AppKit.framework/Versions/C/AppKit
0x00007ff822f40000 	/System/Library/Frameworks/CoreData.framework/Versions/A/CoreData
0x00007ff81de29000 	/System/Library/Frameworks/Foundation.framework/Versions/C/Foundation
0x00007ff827d63000 	/usr/lib/libSystem.B.dylib
0x00007ff8208ba000 	/System/Library/PrivateFrameworks/UIFoundation.framework/Versions/A/UIFoundation
0x00007ff82dcdd000 	/System/Library/PrivateFrameworks/RemoteViewServices.framework/Versions/A/RemoteViewServices
0x00007ff825fb6000 	/System/Library/PrivateFrameworks/XCTTargetBootstrap.framework/Versions/A/XCTTargetBootstrap
0x00007ff829b73000 	/System/Library/PrivateFrameworks/InternationalSupport.framework/Versions/A/InternationalSupport
0x00007ff829bfd000 	/System/Library/PrivateFrameworks/UserActivity.framework/Versions/A/UserActivity
0x00007ff828f4b000 	/usr/lib/libspindump.dylib
0x00007ff820b49000 	/System/Library/Frameworks/UniformTypeIdentifiers.framework/Versions/A/UniformTypeIdentifiers
0x00007ff8246db000 	/usr/lib/libapp_launch_measurement.dylib
0x00007ff823912000 	/System/Library/PrivateFrameworks/CoreAnalytics.framework/Versions/A/CoreAnalytics
0x00007ff8246de000 	/System/Library/PrivateFrameworks/CoreAutoLayout.framework/Versions/A/CoreAutoLayout
0x00007ff82590e000 	/System/Library/Frameworks/Metal.framework/Versions/A/Metal
0x00007ff82663d000 	/usr/lib/liblangid.dylib
0x00007ff825fbb000 	/System/Library/PrivateFrameworks/CoreSVG.framework/Versions/A/CoreSVG
0x00007ff821f34000 	/System/Library/PrivateFrameworks/SkyLight.framework/Versions/A/SkyLight
0x00007ff8222d3000 	/System/Library/Frameworks/CoreGraphics.framework/Versions/A/CoreGraphics
0x00007ff82e39f000 	/System/Library/Frameworks/Accelerate.framework/Versions/A/Accelerate
0x00007ff8289ca000 	/System/Library/PrivateFrameworks/IconServices.framework/Versions/A/IconServices
0x00007ff8258f3000 	/System/Library/Frameworks/IOSurface.framework/Versions/A/IOSurface
0x00007ff823940000 	/usr/lib/libDiagnosticMessagesClient.dylib
0x00007ff827c83000 	/usr/lib/libz.1.dylib
0x00007ff831a9b000 	/System/Library/Frameworks/ApplicationServices.framework/Versions/A/ApplicationServices
0x00007ff825fa2000 	/System/Library/PrivateFrameworks/DFRFoundation.framework/Versions/A/DFRFoundation
0x00007ff81f30e000 	/usr/lib/libicucore.A.dylib
0x00007ff82a969000 	/System/Library/Frameworks/AudioToolbox.framework/Versions/A/AudioToolbox
0x00007ff829b7f000 	/System/Library/PrivateFrameworks/DataDetectorsCore.framework/Versions/A/DataDetectorsCore
0x00007ff926083000 	/System/Library/PrivateFrameworks/TextInput.framework/Versions/A/TextInput
0x00007ff821eb7000 	/usr/lib/libMobileGestalt.dylib
0x00007ff825cae000 	/System/Library/Frameworks/Carbon.framework/Versions/A/Frameworks/HIToolbox.framework/Versions/A/HIToolbox
0x00007ff8240dd000 	/System/Library/Frameworks/QuartzCore.framework/Versions/A/QuartzCore
0x00007ff81efb3000 	/System/Library/Frameworks/Security.framework/Versions/A/Security
0x00007ff82dd15000 	/System/Library/Frameworks/Carbon.framework/Versions/A/Frameworks/SpeechRecognition.framework/Versions/A/SpeechRecognition
0x00007ff82443b000 	/System/Library/PrivateFrameworks/CoreUI.framework/Versions/A/CoreUI
0x00007ff81e87d000 	/System/Library/Frameworks/CoreAudio.framework/Versions/A/CoreAudio
0x00007ff823a2f000 	/System/Library/Frameworks/DiskArbitration.framework/Versions/A/DiskArbitration
0x00007ff82933c000 	/System/Library/PrivateFrameworks/MultitouchSupport.framework/Versions/A/MultitouchSupport
0x00007ff821eb6000 	/usr/lib/libenergytrace.dylib
0x00007ff81f912000 	/System/Library/Frameworks/IOKit.framework/Versions/A/IOKit
0x00007ff82e107000 	/System/Library/Frameworks/CoreServices.framework/Versions/A/CoreServices
0x00007ff824675000 	/System/Library/PrivateFrameworks/PerformanceAnalysis.framework/Versions/A/PerformanceAnalysis
0x00007ffa35d51000 	/System/Library/Frameworks/OpenGL.framework/Versions/A/OpenGL
0x00007ff82729f000 	/System/Library/PrivateFrameworks/MobileKeyBag.framework/Versions/A/MobileKeyBag
0x00007ff81cdf1000 	/usr/lib/libobjc.A.dylib
0x00007ff82299f000 	/System/Library/Frameworks/ColorSync.framework/Versions/A/ColorSync
0x00007ff81cfac000 	/System/Library/Frameworks/CoreFoundation.framework/Versions/A/CoreFoundation
0x00007ff826233000 	/System/Library/Frameworks/CoreImage.framework/Versions/A/CoreImage
0x00007ff81e691000 	/System/Library/Frameworks/CoreText.framework/Versions/A/CoreText
0x00007ff825feb000 	/System/Library/Frameworks/ImageIO.framework/Versions/A/ImageIO
0x00007ff827d69000 	/System/Library/PrivateFrameworks/SoftLinking.framework/Versions/A/SoftLinking
0x00007ff824726000 	/usr/lib/libxml2.2.dylib
0x00007ff81ceb8000 	/usr/lib/libc++.1.dylib
0x00007ff827fed000 	/usr/lib/libcompression.dylib
0x00007ff829aa6000 	/System/Library/PrivateFrameworks/TextureIO.framework/Versions/A/TextureIO
0x00007ff8286db000 	/usr/lib/libate.dylib
0x00007ff827d5e000 	/usr/lib/system/libcache.dylib
0x00007ff827d1a000 	/usr/lib/system/libcommonCrypto.dylib
0x00007ff827d43000 	/usr/lib/system/libcompiler_rt.dylib
0x00007ff827d39000 	/usr/lib/system/libcopyfile.dylib
0x00007ff81ccec000 	/usr/lib/system/libcorecrypto.dylib
0x00007ff81cdaa000 	/usr/lib/system/libdispatch.dylib
0x00007ff81cf6b000 	/usr/lib/system/libdyld.dylib
0x00007ff827d55000 	/usr/lib/system/libkeymgr.dylib
0x00007ff827cf8000 	/usr/lib/system/libmacho.dylib
0x00007ff827379000 	/usr/lib/system/libquarantine.dylib
0x00007ff827d53000 	/usr/lib/system/libremovefile.dylib
0x00007ff821f04000 	/usr/lib/system/libsystem_asl.dylib
0x00007ff81cc95000 	/usr/lib/system/libsystem_blocks.dylib
0x00007ff81ce2f000 	/usr/lib/system/libsystem_c.dylib
0x00007ff827d4b000 	/usr/lib/system/libsystem_collections.dylib
0x00007ff82662d000 	/usr/lib/system/libsystem_configuration.dylib
0x00007ff8258d6000 	/usr/lib/system/libsystem_containermanager.dylib
0x00007ff827a30000 	/usr/lib/system/libsystem_coreservices.dylib
0x00007ff81f5a2000 	/usr/lib/system/libsystem_darwin.dylib
0x00007ff827d56000 	/usr/lib/system/libsystem_dnssd.dylib
0x00007ff81ce2c000 	/usr/lib/system/libsystem_featureflags.dylib
0x00007ff81cf81000 	/usr/lib/system/libsystem_info.dylib
0x00007ff827c96000 	/usr/lib/system/libsystem_m.dylib
0x00007ff81cd7e000 	/usr/lib/system/libsystem_malloc.dylib
0x00007ff821e9f000 	/usr/lib/system/libsystem_networkextension.dylib
0x00007ff81f9cc000 	/usr/lib/system/libsystem_notify.dylib
0x00007ff82dfda000 	/usr/lib/system/libsystem_product_info_filter.dylib
0x00007ff826631000 	/usr/lib/system/libsystem_sandbox.dylib
0x00007ff827d50000 	/usr/lib/system/libsystem_secinit.dylib
0x00007ff81cf27000 	/usr/lib/system/libsystem_kernel.dylib
0x00007ff81cf77000 	/usr/lib/system/libsystem_platform.dylib
0x00007ff81cf5f000 	/usr/lib/system/libsystem_pthread.dylib
0x00007ff823752000 	/usr/lib/system/libsystem_symptoms.dylib
0x00007ff81ccd3000 	/usr/lib/system/libsystem_trace.dylib
0x00007ff827d26000 	/usr/lib/system/libunwind.dylib
0x00007ff81cc97000 	/usr/lib/system/libxpc.dylib
0x00007ff81cf11000 	/usr/lib/libc++abi.dylib
0x00007ff827d31000 	/usr/lib/liboah.dylib
0x00007ff8284b7000 	/usr/lib/liblzma.5.dylib
0x00007ff81db3b000 	/System/Library/Frameworks/SystemConfiguration.framework/Versions/A/SystemConfiguration
0x00007ff827d65000 	/usr/lib/libfakelink.dylib
0x00007ff821a10000 	/System/Library/Frameworks/CFNetwork.framework/Versions/A/CFNetwork
0x00007ff827ea6000 	/usr/lib/libarchive.2.dylib
0x00007ff826639000 	/System/Library/PrivateFrameworks/AppleSystemInfo.framework/Versions/A/AppleSystemInfo
0x00007ff8273a0000 	/usr/lib/libbsm.0.dylib
0x00007ff82101f000 	/usr/lib/libnetwork.dylib
0x00007ff827cfe000 	/usr/lib/system/libkxld.dylib
0x00007ff826fd3000 	/System/Library/PrivateFrameworks/IOMobileFramebuffer.framework/Versions/A/IOMobileFramebuffer
0x00007ffb35707000 	/usr/lib/libCoreEntitlements.dylib
0x00007ff827a12000 	/System/Library/PrivateFrameworks/AppleFSCompression.framework/Versions/A/AppleFSCompression
0x00007ff827388000 	/usr/lib/libcoretls.dylib
0x00007ff8284d1000 	/usr/lib/libcoretls_cfhelpers.dylib
0x00007ff827fe7000 	/usr/lib/libpam.2.dylib
0x00007ff823371000 	/usr/lib/libsqlite3.dylib
0x00007ff828540000 	/usr/lib/libxar.1.dylib
0x00007ff827a22000 	/usr/lib/libbz2.1.0.dylib
0x00007ff827d6a000 	/usr/lib/libpcap.A.dylib
0x00007ff82374a000 	/usr/lib/libdns_services.dylib
0x00007ff827fb7000 	/usr/lib/libapple_nghttp2.dylib
0x00007ff827da4000 	/usr/lib/libiconv.2.dylib
0x00007ff827cf7000 	/usr/lib/libcharset.1.dylib
0x00007ff8246a9000 	/System/Library/Frameworks/CoreServices.framework/Versions/A/Frameworks/FSEvents.framework/Versions/A/FSEvents
0x00007ff81f5ac000 	/System/Library/Frameworks/CoreServices.framework/Versions/A/Frameworks/CarbonCore.framework/Versions/A/CarbonCore
0x00007ff823993000 	/System/Library/Frameworks/CoreServices.framework/Versions/A/Frameworks/Metadata.framework/Versions/A/Metadata
0x00007ff827a35000 	/System/Library/Frameworks/CoreServices.framework/Versions/A/Frameworks/OSServices.framework/Versions/A/OSServices
0x00007ff827f2c000 	/System/Library/Frameworks/CoreServices.framework/Versions/A/Frameworks/SearchKit.framework/Versions/A/SearchKit
0x00007ff8236dc000 	/System/Library/Frameworks/CoreServices.framework/Versions/A/Frameworks/AE.framework/Versions/A/AE
0x00007ff81d4af000 	/System/Library/Frameworks/CoreServices.framework/Versions/A/Frameworks/LaunchServices.framework/Versions/A/LaunchServices
0x00007ff828468000 	/System/Library/Frameworks/CoreServices.framework/Versions/A/Frameworks/DictionaryServices.framework/Versions/A/DictionaryServices
0x00007ff8246b6000 	/System/Library/Frameworks/CoreServices.framework/Versions/A/Frameworks/SharedFileList.framework/Versions/A/SharedFileList
0x00007ff82737c000 	/usr/lib/libCheckFix.dylib
0x00007ff821f1b000 	/System/Library/PrivateFrameworks/TCC.framework/Versions/A/TCC
0x00007ff82663f000 	/System/Library/PrivateFrameworks/CoreNLP.framework/Versions/A/CoreNLP
0x00007ff823943000 	/System/Library/PrivateFrameworks/MetadataUtilities.framework/Versions/A/MetadataUtilities
0x00007ff81dbec000 	/usr/lib/libmecabra.dylib
0x00007ff8273b0000 	/usr/lib/libmecab.dylib
0x00007ff81dbb7000 	/usr/lib/libCRFSuite.dylib
0x00007ff82740a000 	/usr/lib/libgermantok.dylib
0x00007ff827f92000 	/usr/lib/libThaiTokenizer.dylib
0x00007ff823a36000 	/System/Library/Frameworks/Accelerate.framework/Versions/A/Frameworks/vImage.framework/Versions/A/vImage
0x00007ff82e0de000 	/System/Library/Frameworks/Accelerate.framework/Versions/A/Frameworks/vecLib.framework/Versions/A/vecLib
0x00007ff828581000 	/System/Library/Frameworks/Accelerate.framework/Versions/A/Frameworks/vecLib.framework/Versions/A/libvMisc.dylib
0x00007ff826dfe000 	/System/Library/Frameworks/Accelerate.framework/Versions/A/Frameworks/vecLib.framework/Versions/A/libvDSP.dylib
0x00007ff81d82b000 	/System/Library/Frameworks/Accelerate.framework/Versions/A/Frameworks/vecLib.framework/Versions/A/libBLAS.dylib
0x00007ff8280ca000 	/System/Library/Frameworks/Accelerate.framework/Versions/A/Frameworks/vecLib.framework/Versions/A/libLAPACK.dylib
0x00007ff82740d000 	/System/Library/Frameworks/Accelerate.framework/Versions/A/Frameworks/vecLib.framework/Versions/A/libLinearAlgebra.dylib
0x00007ff827fcf000 	/System/Library/Frameworks/Accelerate.framework/Versions/A/Frameworks/vecLib.framework/Versions/A/libSparseBLAS.dylib
0x00007ff8280c4000 	/System/Library/Frameworks/Accelerate.framework/Versions/A/Frameworks/vecLib.framework/Versions/A/libQuadrature.dylib
0x00007ff82672a000 	/System/Library/Frameworks/Accelerate.framework/Versions/A/Frameworks/vecLib.framework/Versions/A/libBNNS.dylib
0x00007ff81dac5000 	/System/Library/Frameworks/Accelerate.framework/Versions/A/Frameworks/vecLib.framework/Versions/A/libSparse.dylib
0x00007ff826723000 	/System/Library/PrivateFrameworks/LinguisticData.framework/Versions/A/LinguisticData
0x00007ff81da7b000 	/System/Library/PrivateFrameworks/Lexicon.framework/Versions/A/Lexicon
0x00007ff82857a000 	/usr/lib/libChineseTokenizer.dylib
0x00007ff81e1e6000 	/System/Library/PrivateFrameworks/LanguageModeling.framework/Versions/A/LanguageModeling
0x00007ff827f94000 	/System/Library/PrivateFrameworks/AppleSauce.framework/Versions/A/AppleSauce
0x00007ff826fc1000 	/System/Library/PrivateFrameworks/CoreEmoji.framework/Versions/A/CoreEmoji
0x00007ff827e95000 	/usr/lib/libcmph.dylib
0x00007ff82468d000 	/System/Library/Frameworks/OpenDirectory.framework/Versions/A/Frameworks/CFOpenDirectory.framework/Versions/A/CFOpenDirectory
0x00007ff824681000 	/System/Library/Frameworks/OpenDirectory.framework/Versions/A/OpenDirectory
0x00007ff8284d3000 	/System/Library/PrivateFrameworks/APFS.framework/Versions/A/APFS
0x00007ff8272d7000 	/System/Library/Frameworks/SecurityFoundation.framework/Versions/A/SecurityFoundation
0x00007ff82854e000 	/usr/lib/libutil.dylib
0x00007ff81f8d6000 	/System/Library/PrivateFrameworks/CoreServicesStore.framework/Versions/A/CoreServicesStore
0x00007ff828552000 	/usr/lib/libxslt.1.dylib
0x00007ff827364000 	/System/Library/PrivateFrameworks/BackgroundTaskManagement.framework/Versions/A/BackgroundTaskManagement
0x00007ff8299c6000 	/System/Library/Frameworks/ImageIO.framework/Versions/A/Resources/libRadiance.dylib
0x00007ff8299cf000 	/System/Library/Frameworks/ImageIO.framework/Versions/A/Resources/libJPEG.dylib
0x00007ff82991b000 	/System/Library/Frameworks/ImageIO.framework/Versions/A/Resources/libPng.dylib
0x00007ff82993c000 	/System/Library/Frameworks/ImageIO.framework/Versions/A/Resources/libTIFF.dylib
0x00007ff829a2f000 	/System/Library/Frameworks/ImageIO.framework/Versions/A/Resources/libGIF.dylib
0x00007ff829255000 	/System/Library/Frameworks/ImageIO.framework/Versions/A/Resources/libJP2.dylib
0x00007ff828990000 	/usr/lib/libexpat.1.dylib
0x00007ff82920a000 	/System/Library/PrivateFrameworks/AppleJPEG.framework/Versions/A/AppleJPEG
0x00007ff825b73000 	/System/Library/PrivateFrameworks/FontServices.framework/libFontParser.dylib
0x00007ff823686000 	/System/Library/PrivateFrameworks/RunningBoardServices.framework/Versions/A/RunningBoardServices
0x00007ff8343b2000 	/System/Library/PrivateFrameworks/IOSurfaceAccelerator.framework/Versions/A/IOSurfaceAccelerator
0x00007ff829338000 	/System/Library/PrivateFrameworks/WatchdogClient.framework/Versions/A/WatchdogClient
0x00007ff81e2d4000 	/System/Library/Frameworks/CoreDisplay.framework/Versions/A/CoreDisplay
0x00007ff825a71000 	/System/Library/Frameworks/CoreMedia.framework/Versions/A/CoreMedia
0x00007ff825905000 	/System/Library/PrivateFrameworks/IOAccelerator.framework/Versions/A/IOAccelerator
0x00007ff82480a000 	/System/Library/Frameworks/CoreVideo.framework/Versions/A/CoreVideo
0x00007ff827fe5000 	/System/Library/Frameworks/MetalPerformanceShaders.framework/Versions/A/MetalPerformanceShaders
0x00007ff829375000 	/System/Library/Frameworks/VideoToolbox.framework/Versions/A/VideoToolbox
0x00007ff8235d0000 	/System/Library/PrivateFrameworks/BaseBoard.framework/Versions/A/BaseBoard
0x00007ff823357000 	/System/Library/PrivateFrameworks/ProtocolBuffer.framework/Versions/A/ProtocolBuffer
0x00007ff8299bf000 	/System/Library/PrivateFrameworks/GPUWrangler.framework/Versions/A/GPUWrangler
0x00007ff8299a3000 	/System/Library/PrivateFrameworks/IOPresentment.framework/Versions/A/IOPresentment
0x00007ff8299c9000 	/System/Library/PrivateFrameworks/DSExternalDisplay.framework/Versions/A/DSExternalDisplay
0x00007ffa35d45000 	/System/Library/Frameworks/OpenGL.framework/Versions/A/Libraries/libCoreFSCache.dylib
0x00007ffb22e1a000 	/System/Library/PrivateFrameworks/GPUCompiler.framework/Versions/31001/Libraries/libGPUCompilerUtils.dylib
0x00007ff829a34000 	/System/Library/PrivateFrameworks/CMCaptureCore.framework/Versions/A/CMCaptureCore
0x00007ff828f39000 	/System/Library/PrivateFrameworks/AppServerSupport.framework/Versions/A/AppServerSupport
0x00007ff82b202000 	/System/Library/PrivateFrameworks/perfdata.framework/Versions/A/perfdata
0x00007ff81e400000 	/System/Library/PrivateFrameworks/AudioToolboxCore.framework/Versions/A/AudioToolboxCore
0x00007ff825a4f000 	/System/Library/PrivateFrameworks/caulk.framework/Versions/A/caulk
0x00007ff82ab14000 	/usr/lib/libAudioStatistics.dylib
0x00007ff922808000 	/System/Library/PrivateFrameworks/SystemPolicy.framework/Versions/A/SystemPolicy
0x00007ff82ad6f000 	/usr/lib/libSMC.dylib
0x00007ff833caa000 	/System/Library/Frameworks/CoreMIDI.framework/Versions/A/CoreMIDI
0x00007ff8298ea000 	/usr/lib/libAudioToolboxUtility.dylib
0x00007ff91ea28000 	/System/Library/PrivateFrameworks/OSAServicesClient.framework/Versions/A/OSAServicesClient
0x00007ff82b20f000 	/usr/lib/libperfcheck.dylib
0x00007ff9232b9000 	/usr/lib/libmis.dylib
0x00007ffa35da0000 	/System/Library/Frameworks/OpenGL.framework/Versions/A/Libraries/libGLU.dylib
0x00007ffa35d64000 	/System/Library/Frameworks/OpenGL.framework/Versions/A/Libraries/libGFXShared.dylib
0x00007ffa35f6d000 	/System/Library/Frameworks/OpenGL.framework/Versions/A/Libraries/libGL.dylib
0x00007ffa35d6d000 	/System/Library/Frameworks/OpenGL.framework/Versions/A/Libraries/libGLImage.dylib
0x00007ffa35d61000 	/System/Library/Frameworks/OpenGL.framework/Versions/A/Libraries/libCVMSPluginSupport.dylib
0x00007ffa35d4c000 	/System/Library/Frameworks/OpenGL.framework/Versions/A/Libraries/libCoreVMClient.dylib
0x00007ff8265bb000 	/System/Library/Frameworks/MetalPerformanceShaders.framework/Versions/A/Frameworks/MPSCore.framework/Versions/A/MPSCore
0x00007ff82797d000 	/System/Library/Frameworks/MetalPerformanceShaders.framework/Versions/A/Frameworks/MPSImage.framework/Versions/A/MPSImage
0x00007ff827423000 	/System/Library/Frameworks/MetalPerformanceShaders.framework/Versions/A/Frameworks/MPSNeuralNetwork.framework/Versions/A/MPSNeuralNetwork
0x00007ff827897000 	/System/Library/Frameworks/MetalPerformanceShaders.framework/Versions/A/Frameworks/MPSMatrix.framework/Versions/A/MPSMatrix
0x00007ff827652000 	/System/Library/Frameworks/MetalPerformanceShaders.framework/Versions/A/Frameworks/MPSRayIntersector.framework/Versions/A/MPSRayIntersector
0x00007ff8278cf000 	/System/Library/Frameworks/MetalPerformanceShaders.framework/Versions/A/Frameworks/MPSNDArray.framework/Versions/A/MPSNDArray
0x00007ffa3b825000 	/System/Library/Frameworks/MetalPerformanceShaders.framework/Versions/A/Frameworks/MPSFunctions.framework/Versions/A/MPSFunctions
0x00007ff81d707000 	/System/Library/PrivateFrameworks/MetalTools.framework/Versions/A/MetalTools
0x00007ff826637000 	/System/Library/PrivateFrameworks/AggregateDictionary.framework/Versions/A/AggregateDictionary
0x00007ff828772000 	/usr/lib/libIOReport.dylib
0x00007ffa3737c000 	/System/Library/Frameworks/OpenCL.framework/Versions/A/OpenCL
0x00007ff828ad7000 	/System/Library/PrivateFrameworks/FaceCore.framework/Versions/A/FaceCore
0x00007ff828ac8000 	/System/Library/PrivateFrameworks/GraphVisualizer.framework/Versions/A/GraphVisualizer
0x00007ffb22d25000 	/System/Library/PrivateFrameworks/FontServices.framework/Versions/A/FontServices
0x00007ff828ef1000 	/System/Library/PrivateFrameworks/OTSVG.framework/Versions/A/OTSVG
0x00007ff8243f0000 	/System/Library/Frameworks/ApplicationServices.framework/Versions/A/Frameworks/ATS.framework/Versions/A/Resources/libFontRegistry.dylib
0x00007ff828f41000 	/System/Library/PrivateFrameworks/FontServices.framework/libhvf.dylib
0x00007ffb22d26000 	/System/Library/PrivateFrameworks/FontServices.framework/libXTFontStaticRegistryData.dylib
0x00007ff828940000 	/System/Library/PrivateFrameworks/AppleVA.framework/Versions/A/AppleVA
0x00007ff82ab34000 	/System/Library/Frameworks/ApplicationServices.framework/Versions/A/Frameworks/ATS.framework/Versions/A/ATS
0x00007ff822a9d000 	/System/Library/Frameworks/ApplicationServices.framework/Versions/A/Frameworks/HIServices.framework/Versions/A/HIServices
0x00007ff829a3e000 	/System/Library/Frameworks/ApplicationServices.framework/Versions/A/Frameworks/PrintCore.framework/Versions/A/PrintCore
0x00007ff82aec2000 	/System/Library/Frameworks/ApplicationServices.framework/Versions/A/Frameworks/QD.framework/Versions/A/QD
0x00007ff82aeba000 	/System/Library/Frameworks/ApplicationServices.framework/Versions/A/Frameworks/ColorSyncLegacy.framework/Versions/A/ColorSyncLegacy
0x00007ff82ab24000 	/System/Library/Frameworks/ApplicationServices.framework/Versions/A/Frameworks/SpeechSynthesis.framework/Versions/A/SpeechSynthesis
0x00007ff8299ff000 	/System/Library/Frameworks/ApplicationServices.framework/Versions/A/Frameworks/ATSUI.framework/Versions/A/ATSUI
0x00007ff82ae4f000 	/usr/lib/libcups.2.dylib
0x00007ff82b21e000 	/System/Library/Frameworks/Kerberos.framework/Versions/A/Kerberos
0x00007ff82b22d000 	/System/Library/Frameworks/GSS.framework/Versions/A/GSS
0x00007ff82aba0000 	/usr/lib/libresolv.9.dylib
0x00007ff828f50000 	/System/Library/PrivateFrameworks/Heimdal.framework/Versions/A/Heimdal
0x00007ff831e2d000 	/System/Library/Frameworks/Kerberos.framework/Versions/A/Libraries/libHeimdalProxy.dylib
0x00007ff82375a000 	/System/Library/Frameworks/Network.framework/Versions/A/Network
0x00007ff8289ab000 	/usr/lib/libheimdal-asn1.dylib
0x00007ff82b278000 	/System/Library/PrivateFrameworks/CommonAuth.framework/Versions/A/CommonAuth
0x00007ff82aaa6000 	/System/Library/PrivateFrameworks/AudioSession.framework/Versions/A/AudioSession
0x00007ff828a3b000 	/System/Library/PrivateFrameworks/MediaExperience.framework/Versions/A/MediaExperience
0x00007ff82a938000 	/System/Library/PrivateFrameworks/AudioSession.framework/libSessionUtility.dylib
0x00007ff82aece000 	/System/Library/PrivateFrameworks/AudioResourceArbitration.framework/Versions/A/AudioResourceArbitration
0x00007ff82ef51000 	/System/Library/PrivateFrameworks/PowerLog.framework/Versions/A/PowerLog
0x00007ff8289b4000 	/System/Library/PrivateFrameworks/IconFoundation.framework/Versions/A/IconFoundation
0x00007ff82dd05000 	/System/Library/PrivateFrameworks/SpeechRecognitionCore.framework/Versions/A/SpeechRecognitionCore
0x00007ffa227c1000 	/System/Library/CoreServices/Encodings/libJapaneseConverter.dylib
0x00000001023a1000 	/Library/Java/JavaVirtualMachines/jdk-11.jdk/Contents/Home/lib/server/libjvm.dylib
0x0000000101644000 	/Library/Java/JavaVirtualMachines/jdk-11.jdk/Contents/Home/lib/libverify.dylib
0x0000000101687000 	/Library/Java/JavaVirtualMachines/jdk-11.jdk/Contents/Home/lib/libjava.dylib
0x0000000101658000 	/Library/Java/JavaVirtualMachines/jdk-11.jdk/Contents/Home/lib/libjimage.dylib
0x0000000101677000 	/Library/Java/JavaVirtualMachines/jdk-11.jdk/Contents/Home/lib/libzip.dylib
0x0000000102135000 	/Library/Java/JavaVirtualMachines/jdk-11.jdk/Contents/Home/lib/libnio.dylib
0x000000010216c000 	/Library/Java/JavaVirtualMachines/jdk-11.jdk/Contents/Home/lib/libnet.dylib
0x00000001021c5000 	/private/var/folders/0r/b1_lsbz908x1qv7hr1m66z580000gn/T/libgdxsawanotaijun/5c7c35de/libgdx64.dylib
0x0000000102286000 	/Library/Java/JavaVirtualMachines/jdk-11.jdk/Contents/Home/lib/libawt.dylib
0x000000010232e000 	/Library/Java/JavaVirtualMachines/jdk-11.jdk/Contents/Home/lib/libmlib_image.dylib
0x00007ffa3b78e000 	/System/Library/Frameworks/JavaRuntimeSupport.framework/Versions/A/JavaRuntimeSupport
0x00007ff92232c000 	/System/Library/Frameworks/Carbon.framework/Versions/A/Carbon
0x00007ff8301cc000 	/System/Library/PrivateFrameworks/CoreSymbolication.framework/Versions/A/CoreSymbolication
0x00007ff835771000 	/System/Library/Frameworks/Carbon.framework/Versions/A/Frameworks/CommonPanels.framework/Versions/A/CommonPanels
0x00007ff831802000 	/System/Library/Frameworks/Carbon.framework/Versions/A/Frameworks/Help.framework/Versions/A/Help
0x00007ff835775000 	/System/Library/Frameworks/Carbon.framework/Versions/A/Frameworks/ImageCapture.framework/Versions/A/ImageCapture
0x00007ff835745000 	/System/Library/Frameworks/Carbon.framework/Versions/A/Frameworks/OpenScripting.framework/Versions/A/OpenScripting
0x00007ff83576d000 	/System/Library/Frameworks/Carbon.framework/Versions/A/Frameworks/Ink.framework/Versions/A/Ink
0x00007ff922328000 	/System/Library/Frameworks/Carbon.framework/Versions/A/Frameworks/Print.framework/Versions/A/Print
0x00007ff835769000 	/System/Library/Frameworks/Carbon.framework/Versions/A/Frameworks/SecurityHI.framework/Versions/A/SecurityHI
0x00007ff830191000 	/System/Library/PrivateFrameworks/DebugSymbols.framework/Versions/A/DebugSymbols
0x000000010b52c000 	/Library/Java/JavaVirtualMachines/jdk-11.jdk/Contents/Home/lib/libawt_lwawt.dylib
0x0000000102201000 	/Library/Java/JavaVirtualMachines/jdk-11.jdk/Contents/Home/lib/libosxapp.dylib
0x00007ff9215f6000 	/System/Library/Frameworks/ExceptionHandling.framework/Versions/A/ExceptionHandling
0x000000010b7e4000 	/Library/Java/JavaVirtualMachines/jdk-11.jdk/Contents/Home/lib/libfontmanager.dylib
0x000000010b630000 	/Library/Java/JavaVirtualMachines/jdk-11.jdk/Contents/Home/lib/libfreetype.dylib
0x00007ff81f898000 	/System/Library/PrivateFrameworks/CoreServicesInternal.framework/Versions/A/CoreServicesInternal
0x00007ff82f542000 	/System/Library/Frameworks/FileProvider.framework/Versions/A/FileProvider
0x00007ff82353d000 	/System/Library/Frameworks/Accounts.framework/Versions/A/Accounts
0x00007ff82f6bb000 	/System/Library/PrivateFrameworks/GenerationalStorage.framework/Versions/A/GenerationalStorage
0x00007ff82ef46000 	/System/Library/PrivateFrameworks/SymptomDiagnosticReporter.framework/Versions/A/SymptomDiagnosticReporter
0x00007ff820b5d000 	/System/Library/PrivateFrameworks/DesktopServicesPriv.framework/Versions/A/DesktopServicesPriv
0x00007ff81f9db000 	/usr/lib/libsandbox.1.dylib
0x00007ff824889000 	/System/Library/PrivateFrameworks/UserManagement.framework/Versions/A/UserManagement
0x00007ff82aeaf000 	/System/Library/PrivateFrameworks/NetAuth.framework/Versions/A/NetAuth
0x00007ff82bdbe000 	/System/Library/PrivateFrameworks/Sharing.framework/Versions/A/Sharing
0x00007ff82485c000 	/System/Library/PrivateFrameworks/login.framework/Versions/A/Frameworks/loginsupport.framework/Versions/A/loginsupport
0x00007ff831330000 	/System/Library/PrivateFrameworks/Apple80211.framework/Versions/A/Apple80211
0x00007ff827a62000 	/System/Library/PrivateFrameworks/AuthKit.framework/Versions/A/AuthKit
0x00007ff8270b7000 	/System/Library/PrivateFrameworks/CoreUtils.framework/Versions/A/CoreUtils
0x00007ff826fde000 	/System/Library/Frameworks/CoreWLAN.framework/Versions/A/CoreWLAN
0x00007ff82bf1d000 	/System/Library/Frameworks/IOBluetooth.framework/Versions/A/IOBluetooth
0x00007ff831398000 	/System/Library/PrivateFrameworks/CoreWiFi.framework/Versions/A/CoreWiFi
0x00007ff82fd65000 	/System/Library/PrivateFrameworks/FrontBoardServices.framework/Versions/A/FrontBoardServices
0x00007ff82fdf6000 	/System/Library/PrivateFrameworks/BoardServices.framework/Versions/A/BoardServices
0x00007ff8272c6000 	/System/Library/PrivateFrameworks/AssertionServices.framework/Versions/A/AssertionServices
0x00007ff83151b000 	/System/Library/PrivateFrameworks/BackBoardServices.framework/Versions/A/BackBoardServices
0x00007ff82b309000 	/System/Library/PrivateFrameworks/CorePhoneNumbers.framework/Versions/A/CorePhoneNumbers
0x00007ff82abcd000 	/System/Library/PrivateFrameworks/MultiverseSupport.framework/Versions/A/MultiverseSupport
0x00007ff83178f000 	/System/Library/PrivateFrameworks/RemoteServiceDiscovery.framework/Versions/A/RemoteServiceDiscovery
0x00007ff82f063000 	/System/Library/PrivateFrameworks/DiskManagement.framework/Versions/A/DiskManagement
0x00007ff82ef77000 	/System/Library/PrivateFrameworks/AppleIDAuthSupport.framework/Versions/A/AppleIDAuthSupport
0x00007ffb1d6a1000 	/System/Library/PrivateFrameworks/AAAFoundation.framework/Versions/A/AAAFoundation
0x00007ff82b2ea000 	/System/Library/PrivateFrameworks/KeychainCircle.framework/Versions/A/KeychainCircle
0x00007ff83179f000 	/System/Library/PrivateFrameworks/RemoteXPC.framework/Versions/A/RemoteXPC
0x00007ff82f02f000 	/System/Library/PrivateFrameworks/MediaKit.framework/Versions/A/MediaKit
0x00007ff82ef83000 	/System/Library/Frameworks/DiscRecording.framework/Versions/A/DiscRecording
0x00007ff8288b8000 	/usr/lib/libCoreStorage.dylib
0x00007ff83180a000 	/usr/lib/libcsfde.dylib
0x00007ff82bfea000 	/System/Library/PrivateFrameworks/ProtectedCloudStorage.framework/Versions/A/ProtectedCloudStorage
0x00007ff831806000 	/System/Library/PrivateFrameworks/EFILogin.framework/Versions/A/EFILogin
0x00007ff82f6e1000 	/System/Library/PrivateFrameworks/OctagonTrust.framework/Versions/A/OctagonTrust
0x00007ffb21f89000 	/System/Library/PrivateFrameworks/CoreUtilsExtras.framework/Versions/A/CoreUtilsExtras
0x00007ff82eeaa000 	/System/Library/Frameworks/CoreBluetooth.framework/Versions/A/CoreBluetooth
0x00007ff831eb2000 	/System/Library/Frameworks/AudioUnit.framework/Versions/A/AudioUnit
0x00007ff8288b0000 	/usr/lib/libMatch.1.dylib
0x00007ff92a0b9000 	/System/Library/CoreServices/RawCamera.bundle/Contents/MacOS/RawCamera
0x00007ff82b288000 	/System/Library/PrivateFrameworks/MobileAsset.framework/Versions/A/MobileAsset
0x00007ff831ed9000 	/System/Library/PrivateFrameworks/StreamingZip.framework/Versions/A/StreamingZip
0x00007ffb1f27d000 	/System/Library/PrivateFrameworks/CMPhoto.framework/Versions/A/CMPhoto
0x00007ff830067000 	/System/Library/PrivateFrameworks/AppleVPA.framework/Versions/A/AppleVPA
0x00007ff829c68000 	/System/Library/Frameworks/MediaToolbox.framework/Versions/A/MediaToolbox
0x00007ff82f512000 	/System/Library/PrivateFrameworks/CoreAVCHD.framework/Versions/A/CoreAVCHD
0x00007ff82e3e7000 	/System/Library/Frameworks/MediaAccessibility.framework/Versions/A/MediaAccessibility
0x00007ff82f50e000 	/System/Library/PrivateFrameworks/Mangrove.framework/Versions/A/Mangrove
0x00007ff82e3f2000 	/System/Library/PrivateFrameworks/AlgosScoreFramework.framework/Versions/A/AlgosScoreFramework
0x00007ff82f153000 	/System/Library/PrivateFrameworks/CoreAUC.framework/Versions/A/CoreAUC
0x00007ff9278e2000 	/System/Library/Frameworks/Accelerate.framework/Versions/A/Frameworks/vImage.framework/Versions/A/Libraries/libCGInterfaces.dylib
0x000000010b4fb000 	/usr/lib/libobjc-trampolines.dylib
0x00007ff824581000 	/System/Library/PrivateFrameworks/ViewBridge.framework/Versions/A/ViewBridge
0x000000012aba5000 	/private/var/folders/0r/b1_lsbz908x1qv7hr1m66z580000gn/T/libgdxsawanotaijun/f7649394/liblwjgl.dylib
0x000000012ab23000 	/Library/Java/JavaVirtualMachines/jdk-11.jdk/Contents/Home/lib/libjawt.dylib
0x000000012ab33000 	/private/var/folders/0r/b1_lsbz908x1qv7hr1m66z580000gn/T/libgdxsawanotaijun/f7649394/openal.dylib
0x000000012af0e000 	/System/Library/Components/CoreAudio.component/Contents/MacOS/CoreAudio
0x000000012ac5a000 	/System/Library/Extensions/AppleHDA.kext/Contents/PlugIns/AppleHDAHALPlugIn.bundle/Contents/MacOS/AppleHDAHALPlugIn
0x00007ffa3ca0a000 	/System/Library/Frameworks/OpenAL.framework/Versions/A/OpenAL
0x000000012c36d000 	/System/Library/Components/AudioDSP.component/Contents/MacOS/AudioDSP
0x00007ff922620000 	/System/Library/Frameworks/AVFoundation.framework/Versions/A/AVFoundation
0x00007ffa3a43c000 	/System/Library/Frameworks/AVFAudio.framework/Versions/A/AVFAudio
0x00007ff82fb75000 	/System/Library/PrivateFrameworks/AVFCore.framework/Versions/A/AVFCore
0x00007ff836e31000 	/System/Library/PrivateFrameworks/AVFCapture.framework/Versions/A/AVFCapture
0x00007ff921293000 	/System/Library/PrivateFrameworks/AirPlaySync.framework/Versions/A/AirPlaySync
0x00007ffb1f266000 	/System/Library/PrivateFrameworks/CMImaging.framework/Versions/A/CMImaging
0x00007ff836f83000 	/System/Library/PrivateFrameworks/Quagga.framework/Versions/A/Quagga
0x00007ff91cc95000 	/System/Library/PrivateFrameworks/CMCapture.framework/Versions/A/CMCapture
0x00007ff82ac8f000 	/System/Library/Frameworks/CoreMediaIO.framework/Versions/A/CoreMediaIO
0x00007ff831fda000 	/System/Library/PrivateFrameworks/Espresso.framework/Versions/A/Espresso
0x00007ff8318a3000 	/System/Library/PrivateFrameworks/AppSupport.framework/Versions/A/AppSupport
0x00007ffa289b7000 	/System/Library/PrivateFrameworks/ANECompiler.framework/Versions/A/ANECompiler
0x00007ff833c2a000 	/System/Library/PrivateFrameworks/AppleNeuralEngine.framework/Versions/A/AppleNeuralEngine
0x00007ffb2581a000 	/System/Library/PrivateFrameworks/MIL.framework/Versions/A/MIL
0x00007ffa3b838000 	/System/Library/Frameworks/MetalPerformanceShadersGraph.framework/Versions/A/MetalPerformanceShadersGraph
0x00007ff832b79000 	/System/Library/PrivateFrameworks/ANEServices.framework/Versions/A/ANEServices
0x00007ff927089000 	/usr/lib/libncurses.5.4.dylib
0x00007ffb3569b000 	/usr/lib/libAudioDSPCore.dylib
0x00007ffa35f78000 	/System/Library/Frameworks/OpenGL.framework/Versions/A/Resources/GLEngine.bundle/GLEngine
0x00007ffa35dde000 	/System/Library/Frameworks/OpenGL.framework/Versions/A/Libraries/libGLProgrammability.dylib
0x00007ffa30d23000 	/System/Library/Extensions/AppleIntelHD5000GraphicsGLDriver.bundle/Contents/MacOS/AppleIntelHD5000GraphicsGLDriver
0x00007ff92d459000 	/System/Library/PrivateFrameworks/GPUSupport.framework/Versions/A/Libraries/libGPUSupportMercury.dylib
0x00007ffa36102000 	/System/Library/Frameworks/OpenGL.framework/Versions/A/Resources/GLRendererFloat.bundle/GLRendererFloat
0x00007ff829008000 	/System/Library/PrivateFrameworks/login.framework/Versions/A/login


VM Arguments:
jvm_args: -Dfile.encoding=UTF-8 -Duser.country=JP -Duser.language=ja -Duser.variant 
java_command: com.frappagames.gdx2048.desktop.DesktopLauncher
java_class_path (initial): /Users/sawanotaijun/Downloads/android/libgdx13/gdx2048/desktop/build/classes/java/main:/Users/sawanotaijun/Downloads/android/libgdx13/gdx2048/desktop/build/resources/main:/Users/sawanotaijun/.gradle/caches/modules-2/files-2.1/com.badlogicgames.gdx/gdx-backend-lwjgl/1.12.0/cd2ccf53d2c0ae63cc821c3d7b9969cd16b66da8/gdx-backend-lwjgl-1.12.0.jar:/Users/sawanotaijun/.gradle/caches/modules-2/files-2.1/com.badlogicgames.gdx/gdx-platform/1.12.0/47e1147f66a38eb0fad40582df5175f6326ce5b8/gdx-platform-1.12.0-natives-desktop.jar:/Users/sawanotaijun/.gradle/caches/modules-2/files-2.1/com.badlogicgames.gdx/gdx-box2d-platform/1.12.0/7b6b430c4a58354e86722759298472948f341f3b/gdx-box2d-platform-1.12.0-natives-desktop.jar:/Users/sawanotaijun/.gradle/caches/modules-2/files-2.1/de.tomgrill.gdxdialogs/gdx-dialogs-desktop/1.2.5/233048054a845d7a59d86c54e9d74f95749f74b5/gdx-dialogs-desktop-1.2.5.jar:/Users/sawanotaijun/.gradle/caches/modules-2/files-2.1/com.badlogicgames.gdx/gdx-freetype-platform/1.12.0/d123cfd023644940ddbb195c36215c656fa26569/gdx-freetype-platform-1.12.0-natives-desktop.jar:/Users/sawanotaijun/Downloads/android/libgdx13/gdx2048/core/build/libs/core-1.0.0.jar:/Users/sawanotaijun/Downloads/android/libgdx13/gdx2048/gradle_cache/modules-2/files-2.1/com.github.antzGames/gdx-ode4j/master-SNAPSHOT/694742ea02ad6d289b7f5af89c6293eafdfd7a98/gdx-ode4j-master-SNAPSHOT.jar:/Users/sawanotaijun/Downloads/android/libgdx13/gdx2048/gradle_cache/modules-2/resources-2.1/6/19e767316b5a700fe83cfe718eebd054a1c08a97/maven-metadata.xml:/Users/sawanotaijun/Downloads/android/libgdx13/gdx2048/gradle_cache/modules-2/files-2.1/com.github.antzGames/ode4j/0.5.3/267ba6715b11348f2d7cee1334d001b486cd2f42/ode4j-0.5.3-sources.jar:/Users/sawanotaijun/Downloads/android/libgdx13/gdx2048/gradle_cache/modules-2/files-2.1/com.github.antzGames/gdx-ode4j/master-SNAPSHOT/ea239d08bbf74bd92181ba76fb7c8716d9521e3c/gdx-ode4j-master-SNAPSHOT-sources.jar:/Users/sawanotaijun/Downloads/android/libgd
Launcher Type: SUN_STANDARD

[Global flags]
     intx CICompilerCount                          = 3                                         {product} {ergonomic}
     uint ConcGCThreads                            = 1                                         {product} {ergonomic}
     uint G1ConcRefinementThreads                  = 4                                         {product} {ergonomic}
   size_t G1HeapRegionSize                         = 1048576                                   {product} {ergonomic}
    uintx GCDrainStackTargetSize                   = 64                                        {product} {ergonomic}
   size_t InitialHeapSize                          = 134217728                                 {product} {ergonomic}
   size_t MarkStackSize                            = 4194304                                   {product} {ergonomic}
   size_t MaxHeapSize                              = 2147483648                                {product} {ergonomic}
   size_t MaxNewSize                               = 1287651328                                {product} {ergonomic}
   size_t MinHeapDeltaBytes                        = 1048576                                   {product} {ergonomic}
    uintx NonNMethodCodeHeapSize                   = 5830732                                {pd product} {ergonomic}
    uintx NonProfiledCodeHeapSize                  = 122913754                              {pd product} {ergonomic}
    uintx ProfiledCodeHeapSize                     = 122913754                              {pd product} {ergonomic}
    uintx ReservedCodeCacheSize                    = 251658240                              {pd product} {ergonomic}
     bool SegmentedCodeCache                       = true                                      {product} {ergonomic}
     bool UseCompressedClassPointers               = true                                 {lp64_product} {ergonomic}
     bool UseCompressedOops                        = true                                 {lp64_product} {ergonomic}
     bool UseG1GC                                  = true                                      {product} {ergonomic}

Logging:
Log output configuration:
 #0: stdout all=warning uptime,level,tags
 #1: stderr all=off uptime,level,tags

Environment Variables:
JAVA_HOME=/Library/Java/JavaVirtualMachines/jdk-11.jdk/Contents/Home/
PATH=/Library/Frameworks/Python.framework/Versions/3.7/bin:/Users/sawanotaijun/Downloads/android-sdk-macosx/tools:/Users/sawanotaijun/Downloads/android-sdk-macosx/platform-tools:/Users/sawanotaijun/Downloads/android-sdk-macosx:/Users/sawanotaijun/Downloads/android/cocos/cocos2d-x-3.17.2/templates:/Users/sawanotaijun/Downloads/android/cocos:/Users/sawanotaijun/Downloads/android/cocos/cocos2d-x-3.17.2/tools/cocos2d-console/bin:/Users/sawanotaijun/Documents/workspace/j2swift/bin:/Users/sawanotaijun/.rbenv/shims:/Users/sawanotaijun/.rbenv/bin:/Users/sawanotaijun/Downloads/j2objc/j2objc-master/dist:/Users/sawanotaijun/Download/libgdx-1/sources:/Users/sawanotaijun/Download/libgdx-1:/Users/sawanotaijun/.rbenv/shims/ruby:/Users/sawanotaijun/.gem/ruby/2.7.0/bin:/Users/sawanotaijun/Downloads/apache-maven-3.3.9/bin:/Users/sawanotaijun/bin:~/bin:/Users/sawanotaijun/.nodebrew/current/bin:/Users/sawanotaijun/Downloads/android-sdk-macosx/platform-tools/:/Users/sawanotaijun/scripts:/Users/sawanotaijun/Downloads/android/cocos/cocos2d-x-3.17.2/templates:/Users/sawanotaijun/Downloads/android/cocos:/Users/sawanotaijun/Downloads/android/cocos/cocos2d-x-3.17.2/tools/cocos2d-console/bin:/usr/local/bin:/usr/bin:/bin:/usr/sbin:/sbin:/usr/local/share/dotnet:/opt/X11/bin:~/.dotnet/tools:/Library/Apple/usr/bin:/Library/Frameworks/Mono.framework/Versions/Current/Commands:/Applications/Xamarin Workbooks.app/Contents/SharedSupport/path-bin:/usr/bin:/bin:/Users/sawanotaijun/bin:~/bin:/Users/sawanotaijun/.nodebrew/current/bin:/Users/sawanotaijun/Downloads/android-sdk-macosx/platform-tools/:/Users/sawanotaijun/scripts:/Users/sawanotaijun/Downloads/android/cocos/cocos2d-x-3.17.2/templates:/Users/sawanotaijun/Downloads/android/cocos:/Users/sawanotaijun/Downloads/android/cocos/cocos2d-x-3.17.2/tools/cocos2d-console/bin:/usr/local/bin:/usr/bin:/bin:/usr/sbin:/sbin:/usr/local/share/dotnet:/opt/X11/bin:~/.dotnet/tools:/Library/Apple/usr/bin:/Library/Frameworks/Mono.framework/Versions/Current/Commands:/Applic
LD_LIBRARY_PATH=/Library/Developer/CommandLineTools/SDKs/MacOSX10.14.sdk/System/Library/Frameworks/Foundation.framework/Versions/C/Headers/:/usr/local/lib:/usr/lib
SHELL=/bin/zsh
DISPLAY=/private/tmp/com.apple.launchd.TseytxJrAX/org.macosforge.xquartz:0

Signal Handlers:
SIGSEGV: [libjvm.dylib+0x791ee6], sa_mask[0]=11111111011111110111111111111111, sa_flags=SA_ONSTACK|SA_RESTART|SA_SIGINFO
SIGBUS: [libjvm.dylib+0x791ee6], sa_mask[0]=11111111011111110111111111111111, sa_flags=SA_RESTART|SA_SIGINFO
SIGFPE: [libjvm.dylib+0x791ee6], sa_mask[0]=11111111011111110111111111111111, sa_flags=SA_RESTART|SA_SIGINFO
SIGPIPE: [libjvm.dylib+0x6441d8], sa_mask[0]=11111111011111110111111111111111, sa_flags=SA_RESTART|SA_SIGINFO
SIGXFSZ: [libjvm.dylib+0x6441d8], sa_mask[0]=11111111011111110111111111111111, sa_flags=SA_RESTART|SA_SIGINFO
SIGILL: [libjvm.dylib+0x791ee6], sa_mask[0]=11111111011111110111111111111111, sa_flags=SA_RESTART|SA_SIGINFO
SIGUSR2: [libjvm.dylib+0x6447ec], sa_mask[0]=00100000000000000000000000000000, sa_flags=SA_RESTART|SA_SIGINFO
SIGHUP: [libjvm.dylib+0x64320b], sa_mask[0]=11111111011111110111111111111111, sa_flags=SA_RESTART|SA_SIGINFO
SIGINT: [libjvm.dylib+0x64320b], sa_mask[0]=11111111011111110111111111111111, sa_flags=SA_RESTART|SA_SIGINFO
SIGTERM: [libjvm.dylib+0x64320b], sa_mask[0]=11111111011111110111111111111111, sa_flags=SA_RESTART|SA_SIGINFO
SIGQUIT: [libjvm.dylib+0x64320b], sa_mask[0]=11111111011111110111111111111111, sa_flags=SA_RESTART|SA_SIGINFO


---------------  S Y S T E M  ---------------

OS:uname:Darwin 21.6.0 Darwin Kernel Version 21.6.0: Mon Jun 24 00:56:10 PDT 2024; root:xnu-8020.240.18.709.2~1/RELEASE_X86_64 x86_64
rlimit: STACK 8192k, CORE 0k, NPROC 1392, NOFILE 10240, AS infinity, DATA infinity, FSIZE infinity
load average:2.38 2.64 2.99

CPU:total 4 (initial active 4) (2 cores per cpu, 2 threads per core) family 6 model 69 stepping 1 microcode 0x26, cmov, cx8, fxsr, mmx, sse, sse2, sse3, ssse3, sse4.1, sse4.2, popcnt, avx, avx2, aes, clmul, erms, lzcnt, ht, tsc, tscinvbit, bmi1, bmi2, fma

Memory: 4k page, physical 8388608k(25432k free)

vm_info: Java HotSpot(TM) 64-Bit Server VM (11.0.21+9-LTS-193) for bsd-amd64 JRE (11.0.21+9-LTS-193), built on Sep 13 2023 10:08:23 by "mach5one" with gcc Apple LLVM 12.0.0 (clang-1200.0.32.29)

END.
